<?xml version="1.0" encoding="UTF-8"?>
<robot generator="Robot 6.1.1 (Python 3.12.0 on win32)" generated="20231014 12:16:57.011" rpa="false" schemaversion="4">
<suite id="s1" name="Test" source="C:\Users\hp\Desktop\Software testing\test\Day 4\test.robot">
<kw name="Open Browser" library="SeleniumLibrary" type="SETUP">
<arg>${url}</arg>
<arg>${browser}</arg>
<doc>Opens a new browser instance to the optional ``url``.</doc>
<msg timestamp="20231014 12:16:57.217" level="INFO">Opening browser 'chrome' to base url 'https://www.jumia.ma/'.</msg>
<msg timestamp="20231014 12:16:57.766" level="WARN">The chromedriver version (114.0.5735.90) detected in PATH at C:\webdriver\chromedriver.exe might not be compatible with the detected chrome version (118.0.5993.70); currently, chromedriver 118.0.5993.70 is recommended for chrome 118.*, so it is advised to delete the driver in PATH and retry</msg>
<msg timestamp="20231014 12:17:01.005" level="INFO">Cannot capture screenshot because no browser is open.</msg>
<msg timestamp="20231014 12:17:01.006" level="FAIL">SessionNotCreatedException: Message: session not created: This version of ChromeDriver only supports Chrome version 114
Current browser version is 118.0.5993.70 with binary path C:\Users\hp\.cache\selenium\chrome\win64\118.0.5993.70\chrome.exe
Stacktrace:
Backtrace:
	GetHandleVerifier [0x011FA813+48355]
	(No symbol) [0x0118C4B1]
	(No symbol) [0x01095358]
	(No symbol) [0x010B61AC]
	(No symbol) [0x010B1EF3]
	(No symbol) [0x010B0579]
	(No symbol) [0x010E0C55]
	(No symbol) [0x010E093C]
	(No symbol) [0x010DA536]
	(No symbol) [0x010B82DC]
	(No symbol) [0x010B93DD]
	GetHandleVerifier [0x0145AABD+2539405]
	GetHandleVerifier [0x0149A78F+2800735]
	GetHandleVerifier [0x0149456C+2775612]
	GetHandleVerifier [0x012851E0+616112]
	(No symbol) [0x01195F8C]
	(No symbol) [0x01192328]
	(No symbol) [0x0119240B]
	(No symbol) [0x01184FF7]
	BaseThreadInitThunk [0x759DFCC9+25]
	RtlGetAppContainerNamedObjectPath [0x778A7B1E+286]
	RtlGetAppContainerNamedObjectPath [0x778A7AEE+238]
</msg>
<status status="FAIL" starttime="20231014 12:16:57.215" endtime="20231014 12:17:01.009"/>
</kw>
<test id="s1-t1" name="First Test" line="54">
<status status="FAIL" starttime="20231014 12:17:01.009" endtime="20231014 12:17:01.009">Parent suite setup failed:
SessionNotCreatedException: Message: session not created: This version of ChromeDriver only supports Chrome version 114
Current browser version is 118.0.5993.70 with binary path C:\Users\hp\.cache\selenium\chrome\win64\118.0.5993.70\chrome.exe
Stacktrace:
Backtrace:
	GetHandleVerifier [0x011FA813+48355]
	(No symbol) [0x0118C4B1]
	(No symbol) [0x01095358]
	(No symbol) [0x010B61AC]
	(No symbol) [0x010B1EF3]
	(No symbol) [0x010B0579]
	(No symbol) [0x010E0C55]
	(No symbol) [0x010E093C]
	(No symbol) [0x010DA536]
	(No symbol) [0x010B82DC]
	(No symbol) [0x010B93DD]
	GetHandleVerifier [0x0145AABD+2539405]
	GetHandleVerifier [0x0149A78F+2800735]
	GetHandleVerifier [0x0149456C+2775612]
	GetHandleVerifier [0x012851E0+616112]
	(No symbol) [0x01195F8C]
	(No symbol) [0x01192328]
	(No symbol) [0x0119240B]
	(No symbol) [0x01184FF7]
	BaseThreadInitThunk [0x759DFCC9+25]
	RtlGetAppContainerNamedObjectPath [0x778A7B1E+286]
	RtlGetAppContainerNamedObjectPath [0x778A7AEE+238]
</status>
</test>
<test id="s1-t2" name="[Tags] Login" line="55">
<status status="FAIL" starttime="20231014 12:17:01.014" endtime="20231014 12:17:01.015">Parent suite setup failed:
SessionNotCreatedException: Message: session not created: This version of ChromeDriver only supports Chrome version 114
Current browser version is 118.0.5993.70 with binary path C:\Users\hp\.cache\selenium\chrome\win64\118.0.5993.70\chrome.exe
Stacktrace:
Backtrace:
	GetHandleVerifier [0x011FA813+48355]
	(No symbol) [0x0118C4B1]
	(No symbol) [0x01095358]
	(No symbol) [0x010B61AC]
	(No symbol) [0x010B1EF3]
	(No symbol) [0x010B0579]
	(No symbol) [0x010E0C55]
	(No symbol) [0x010E093C]
	(No symbol) [0x010DA536]
	(No symbol) [0x010B82DC]
	(No symbol) [0x010B93DD]
	GetHandleVerifier [0x0145AABD+2539405]
	GetHandleVerifier [0x0149A78F+2800735]
	GetHandleVerifier [0x0149456C+2775612]
	GetHandleVerifier [0x012851E0+616112]
	(No symbol) [0x01195F8C]
	(No symbol) [0x01192328]
	(No symbol) [0x0119240B]
	(No symbol) [0x01184FF7]
	BaseThreadInitThunk [0x759DFCC9+25]
	RtlGetAppContainerNamedObjectPath [0x778A7B1E+286]
	RtlGetAppContainerNamedObjectPath [0x778A7AEE+238]
</status>
</test>
<kw name="Close Browser" library="SeleniumLibrary" type="TEARDOWN">
<doc>Closes the current browser.</doc>
<status status="PASS" starttime="20231014 12:17:01.020" endtime="20231014 12:17:01.020"/>
</kw>
<doc>This file contains test cases for the login functionality.</doc>
<status status="FAIL" starttime="20231014 12:16:57.012" endtime="20231014 12:17:01.020">Suite setup failed:
SessionNotCreatedException: Message: session not created: This version of ChromeDriver only supports Chrome version 114
Current browser version is 118.0.5993.70 with binary path C:\Users\hp\.cache\selenium\chrome\win64\118.0.5993.70\chrome.exe
Stacktrace:
Backtrace:
	GetHandleVerifier [0x011FA813+48355]
	(No symbol) [0x0118C4B1]
	(No symbol) [0x01095358]
	(No symbol) [0x010B61AC]
	(No symbol) [0x010B1EF3]
	(No symbol) [0x010B0579]
	(No symbol) [0x010E0C55]
	(No symbol) [0x010E093C]
	(No symbol) [0x010DA536]
	(No symbol) [0x010B82DC]
	(No symbol) [0x010B93DD]
	GetHandleVerifier [0x0145AABD+2539405]
	GetHandleVerifier [0x0149A78F+2800735]
	GetHandleVerifier [0x0149456C+2775612]
	GetHandleVerifier [0x012851E0+616112]
	(No symbol) [0x01195F8C]
	(No symbol) [0x01192328]
	(No symbol) [0x0119240B]
	(No symbol) [0x01184FF7]
	BaseThreadInitThunk [0x759DFCC9+25]
	RtlGetAppContainerNamedObjectPath [0x778A7B1E+286]
	RtlGetAppContainerNamedObjectPath [0x778A7AEE+238]
</status>
</suite>
<statistics>
<total>
<stat pass="0" fail="2" skip="0">All Tests</stat>
</total>
<tag>
</tag>
<suite>
<stat pass="0" fail="2" skip="0" id="s1" name="Test">Test</stat>
</suite>
</statistics>
<errors>
<msg timestamp="20231014 12:16:57.766" level="WARN">The chromedriver version (114.0.5735.90) detected in PATH at C:\webdriver\chromedriver.exe might not be compatible with the detected chrome version (118.0.5993.70); currently, chromedriver 118.0.5993.70 is recommended for chrome 118.*, so it is advised to delete the driver in PATH and retry</msg>
</errors>
</robot>
